E, [2016-08-15T12:56:21.252162 #29119] ERROR -- Kitchen: ------Exception-------
E, [2016-08-15T12:56:21.252245 #29119] ERROR -- Kitchen: Class: Kitchen::UserError
E, [2016-08-15T12:56:21.252267 #29119] ERROR -- Kitchen: Message: Kitchen YAML file /Users/edb/playground/elkchef/.kitchen.yml does not exist.
E, [2016-08-15T12:56:21.252286 #29119] ERROR -- Kitchen: ------Backtrace-------
E, [2016-08-15T12:56:21.252299 #29119] ERROR -- Kitchen: /opt/chefdk/embedded/lib/ruby/gems/2.1.0/gems/test-kitchen-1.8.0/lib/kitchen/loader/yaml.rb:74:in `read'
E, [2016-08-15T12:56:21.252312 #29119] ERROR -- Kitchen: /opt/chefdk/embedded/lib/ruby/gems/2.1.0/gems/test-kitchen-1.8.0/lib/kitchen/config.rb:149:in `data'
E, [2016-08-15T12:56:21.252325 #29119] ERROR -- Kitchen: /opt/chefdk/embedded/lib/ruby/gems/2.1.0/gems/test-kitchen-1.8.0/lib/kitchen/config.rb:128:in `suites'
E, [2016-08-15T12:56:21.252338 #29119] ERROR -- Kitchen: /opt/chefdk/embedded/lib/ruby/gems/2.1.0/gems/test-kitchen-1.8.0/lib/kitchen/config.rb:179:in `filter_instances'
E, [2016-08-15T12:56:21.252350 #29119] ERROR -- Kitchen: /opt/chefdk/embedded/lib/ruby/gems/2.1.0/gems/test-kitchen-1.8.0/lib/kitchen/config.rb:138:in `build_instances'
E, [2016-08-15T12:56:21.252363 #29119] ERROR -- Kitchen: /opt/chefdk/embedded/lib/ruby/gems/2.1.0/gems/test-kitchen-1.8.0/lib/kitchen/config.rb:114:in `instances'
E, [2016-08-15T12:56:21.252375 #29119] ERROR -- Kitchen: /opt/chefdk/embedded/lib/ruby/gems/2.1.0/gems/test-kitchen-1.8.0/lib/kitchen/command.rb:115:in `filtered_instances'
E, [2016-08-15T12:56:21.252388 #29119] ERROR -- Kitchen: /opt/chefdk/embedded/lib/ruby/gems/2.1.0/gems/test-kitchen-1.8.0/lib/kitchen/command.rb:145:in `parse_subcommand'
E, [2016-08-15T12:56:21.252403 #29119] ERROR -- Kitchen: /opt/chefdk/embedded/lib/ruby/gems/2.1.0/gems/test-kitchen-1.8.0/lib/kitchen/command/login.rb:32:in `call'
E, [2016-08-15T12:56:21.252416 #29119] ERROR -- Kitchen: /opt/chefdk/embedded/lib/ruby/gems/2.1.0/gems/test-kitchen-1.8.0/lib/kitchen/cli.rb:56:in `perform'
E, [2016-08-15T12:56:21.252428 #29119] ERROR -- Kitchen: /opt/chefdk/embedded/lib/ruby/gems/2.1.0/gems/test-kitchen-1.8.0/lib/kitchen/cli.rb:234:in `login'
E, [2016-08-15T12:56:21.252441 #29119] ERROR -- Kitchen: /opt/chefdk/embedded/lib/ruby/gems/2.1.0/gems/thor-0.19.1/lib/thor/command.rb:27:in `run'
E, [2016-08-15T12:56:21.252453 #29119] ERROR -- Kitchen: /opt/chefdk/embedded/lib/ruby/gems/2.1.0/gems/thor-0.19.1/lib/thor/invocation.rb:126:in `invoke_command'
E, [2016-08-15T12:56:21.252465 #29119] ERROR -- Kitchen: /opt/chefdk/embedded/lib/ruby/gems/2.1.0/gems/test-kitchen-1.8.0/lib/kitchen/cli.rb:321:in `invoke_task'
E, [2016-08-15T12:56:21.252478 #29119] ERROR -- Kitchen: /opt/chefdk/embedded/lib/ruby/gems/2.1.0/gems/thor-0.19.1/lib/thor.rb:359:in `dispatch'
E, [2016-08-15T12:56:21.252490 #29119] ERROR -- Kitchen: /opt/chefdk/embedded/lib/ruby/gems/2.1.0/gems/thor-0.19.1/lib/thor/base.rb:440:in `start'
E, [2016-08-15T12:56:21.252558 #29119] ERROR -- Kitchen: /opt/chefdk/embedded/lib/ruby/gems/2.1.0/gems/test-kitchen-1.8.0/bin/kitchen:13:in `block in <top (required)>'
E, [2016-08-15T12:56:21.252599 #29119] ERROR -- Kitchen: /opt/chefdk/embedded/lib/ruby/gems/2.1.0/gems/test-kitchen-1.8.0/lib/kitchen/errors.rb:154:in `with_friendly_errors'
E, [2016-08-15T12:56:21.252621 #29119] ERROR -- Kitchen: /opt/chefdk/embedded/lib/ruby/gems/2.1.0/gems/test-kitchen-1.8.0/bin/kitchen:13:in `<top (required)>'
E, [2016-08-15T12:56:21.252634 #29119] ERROR -- Kitchen: /opt/chefdk/bin/kitchen:17:in `load'
E, [2016-08-15T12:56:21.252647 #29119] ERROR -- Kitchen: /opt/chefdk/bin/kitchen:17:in `<main>'
E, [2016-08-15T12:56:21.252659 #29119] ERROR -- Kitchen: ----------------------
