I, [2016-08-17T18:09:25.659379 #756]  INFO -- default-centos-71: -----> Creating <default-centos-71>...
I, [2016-08-17T18:09:29.052181 #756]  INFO -- default-centos-71: Bringing machine 'default' up with 'virtualbox' provider...
I, [2016-08-17T18:09:29.543785 #756]  INFO -- default-centos-71: ==> default: Checking if box 'bento/centos-7.1' is up to date...
I, [2016-08-17T18:09:32.950733 #756]  INFO -- default-centos-71: ==> default: Clearing any previously set forwarded ports...
I, [2016-08-17T18:09:33.460314 #756]  INFO -- default-centos-71: ==> default: Clearing any previously set network interfaces...
I, [2016-08-17T18:09:33.690112 #756]  INFO -- default-centos-71: ==> default: Preparing network interfaces based on configuration...
I, [2016-08-17T18:09:33.690804 #756]  INFO -- default-centos-71:     default: Adapter 1: nat
I, [2016-08-17T18:09:33.691021 #756]  INFO -- default-centos-71:     default: Adapter 2: hostonly
I, [2016-08-17T18:09:33.751117 #756]  INFO -- default-centos-71: ==> default: Forwarding ports...
I, [2016-08-17T18:09:33.847621 #756]  INFO -- default-centos-71:     default: 22 (guest) => 2222 (host) (adapter 1)
I, [2016-08-17T18:09:34.012146 #756]  INFO -- default-centos-71: ==> default: Running 'pre-boot' VM customizations...
I, [2016-08-17T18:09:34.068809 #756]  INFO -- default-centos-71: ==> default: Booting VM...
I, [2016-08-17T18:09:34.547779 #756]  INFO -- default-centos-71: ==> default: Waiting for machine to boot. This may take a few minutes...
I, [2016-08-17T18:09:35.034301 #756]  INFO -- default-centos-71:     default: SSH address: 127.0.0.1:2222
I, [2016-08-17T18:09:35.034537 #756]  INFO -- default-centos-71:     default: SSH username: vagrant
I, [2016-08-17T18:09:35.034776 #756]  INFO -- default-centos-71:     default: SSH auth method: private key
I, [2016-08-17T18:09:35.209638 #756]  INFO -- default-centos-71:     default: Warning: Remote connection disconnect. Retrying...
I, [2016-08-17T18:09:45.237715 #756]  INFO -- default-centos-71:     default: Warning: Remote connection disconnect. Retrying...
I, [2016-08-17T18:10:00.368235 #756]  INFO -- default-centos-71:     default: Warning: Remote connection disconnect. Retrying...
I, [2016-08-17T18:10:10.403027 #756]  INFO -- default-centos-71:     default: Warning: Remote connection disconnect. Retrying...
I, [2016-08-17T18:10:16.654026 #756]  INFO -- default-centos-71: ==> default: Machine booted and ready!
I, [2016-08-17T18:10:16.654725 #756]  INFO -- default-centos-71: ==> default: Checking for guest additions in VM...
I, [2016-08-17T18:10:16.708011 #756]  INFO -- default-centos-71: ==> default: Setting hostname...
I, [2016-08-17T18:10:33.079458 #756]  INFO -- default-centos-71: ==> default: Configuring and enabling network interfaces...
I, [2016-08-17T18:10:44.113584 #756]  INFO -- default-centos-71: ==> default: Machine not provisioned because `--no-provision` is specified.
I, [2016-08-17T18:10:46.525045 #756]  INFO -- default-centos-71: [SSH] Established
I, [2016-08-17T18:10:46.525621 #756]  INFO -- default-centos-71: Vagrant instance <default-centos-71> created.
I, [2016-08-17T18:10:46.531016 #756]  INFO -- default-centos-71: Finished creating <default-centos-71> (1m20.87s).
